<?xml version="1.0" encoding="UTF-8"?>
<testng-results ignored="0" total="1" passed="1" failed="0" skipped="0">
  <reporter-output>
  </reporter-output>
  <suite started-at="2020-04-07T10:58:54 IST" name="Default suite" finished-at="2020-04-07T10:59:34 IST" duration-ms="40462">
    <groups>
    </groups>
    <test started-at="2020-04-07T10:58:54 IST" name="Default test" finished-at="2020-04-07T10:59:34 IST" duration-ms="40462">
      <class name="com.test.LoginTest">
        <test-method signature="googleSearch()[pri:0, instance:com.test.LoginTest@5158b42f]" started-at="2020-04-07T10:58:54 IST" name="googleSearch" finished-at="2020-04-07T10:59:34 IST" duration-ms="40156" status="PASS">
          <reporter-output>
          </reporter-output>
        </test-method> <!-- googleSearch -->
      </class> <!-- com.test.LoginTest -->
    </test> <!-- Default test -->
  </suite> <!-- Default suite -->
</testng-results>
